Arguments: 
  /usr/bin/node /usr/share/yarn/bin/yarn.js add @babel-cli

PATH: 
  /home/mateusedival/bin:/home/mateusedival/.local/bin:/usr/local/sbin:/usr/local/bin:/usr/sbin:/usr/bin:/sbin:/bin:/usr/games:/usr/local/games:/mnt/c/Program Files (x86)/Common Files/Oracle/Java/javapath:/mnt/c/ebe/bin:/mnt/c/ProgramData/Oracle/Java/javapath:/mnt/c/WINDOWS/system32:/mnt/c/WINDOWS:/mnt/c/WINDOWS/System32/Wbem:/mnt/c/WINDOWS/System32/WindowsPowerShell/v1.0/:/mnt/c/MinGW/bin:/mnt/c/Program Files/Git/cmd:/mnt/c/WINDOWS/System32/OpenSSH/:/mnt/c/Go/bin:/mnt/c/Program Files/nodejs/:/mnt/c/Program Files (x86)/Yarn/bin/:/mnt/c/Users/Mateus Edival/AppData/Local/Programs/Python/Python37-32/Scripts/:/mnt/c/Users/Mateus Edival/AppData/Local/Programs/Python/Python37-32/:/mnt/c/Users/Mateus Edival/AppData/Local/Microsoft/WindowsApps:/mnt/c/GHDL/v0.35-mingw64-llvm/bin:/mnt/c/gtkwave/bin:/mnt/c/Users/Mateus Edival/go/bin:/mnt/c/Users/Mateus Edival/AppData/Roaming/npm:/mnt/c/Users/Mateus Edival/AppData/Local/Yarn/bin:/snap/bin

Yarn version: 
  1.19.1

Node version: 
  10.17.0

Platform: 
  linux x64

Trace: 
  Error: https://registry.yarnpkg.com/@babel-cli: Request "https://registry.yarnpkg.com/@babel-cli" returned a 405
      at Request.params.callback [as _callback] (/usr/share/yarn/lib/cli.js:66935:18)
      at Request.self.callback (/usr/share/yarn/lib/cli.js:140564:22)
      at Request.emit (events.js:198:13)
      at Request.<anonymous> (/usr/share/yarn/lib/cli.js:141536:10)
      at Request.emit (events.js:198:13)
      at IncomingMessage.<anonymous> (/usr/share/yarn/lib/cli.js:141458:12)
      at Object.onceWrapper (events.js:286:20)
      at IncomingMessage.emit (events.js:203:15)
      at endReadableNT (_stream_readable.js:1143:12)
      at process._tickCallback (internal/process/next_tick.js:63:19)

npm manifest: 
  {
    "name": "MapRender",
    "version": "1.0.0",
    "main": "index.js",
    "license": "MIT"
  }

yarn manifest: 
  No manifest

Lockfile: 
  No lockfile
